<?xml version='1.0' encoding='UTF-8'?>
<note>
  <from>Node Mock Server</from>
  <message>Hello world!</message>
</note>
